The system is: Darwin - 20.6.0 - arm64
Compiling the CXX compiler identification source file "CMakeCXXCompilerId.cpp" succeeded.
Compiler: /opt/homebrew/bin/g++ 
Build flags: 
Id flags:  

The output was:
0
objc[10476]: Class AMSupportURLConnectionDelegate is implemented in both /usr/lib/libauthinstall.dylib (0x1f61dfb78) and /System/Library/PrivateFrameworks/MobileDevice.framework/Versions/A/MobileDevice (0x1168402c8). One of the two will be used. Which one is undefined.
objc[10476]: Class AMSupportURLSession is implemented in both /usr/lib/libauthinstall.dylib (0x1f61dfbc8) and /System/Library/PrivateFrameworks/MobileDevice.framework/Versions/A/MobileDevice (0x116840318). One of the two will be used. Which one is undefined.


Compilation of the CXX compiler identification source "CMakeCXXCompilerId.cpp" produced "a.out"

The CXX compiler identification is GNU, found in "/Users/ousuke/cubeev/build/CMakeFiles/3.21.4/CompilerIdCXX/a.out"

Detecting CXX compiler ABI info compiled with the following output:
Change Dir: /Users/ousuke/cubeev/build/CMakeFiles/CMakeTmp

Run Build Command(s):/usr/bin/make -f Makefile cmTC_c7ac0/fast && /Applications/Xcode.app/Contents/Developer/usr/bin/make  -f CMakeFiles/cmTC_c7ac0.dir/build.make CMakeFiles/cmTC_c7ac0.dir/build
Building CXX object CMakeFiles/cmTC_c7ac0.dir/CMakeCXXCompilerABI.cpp.o
/opt/homebrew/bin/g++   -arch arm64 -isysroot /Applications/Xcode.app/Contents/Developer/Platforms/MacOSX.platform/Developer/SDKs/MacOSX11.1.sdk   -v -Wl,-v -o CMakeFiles/cmTC_c7ac0.dir/CMakeCXXCompilerABI.cpp.o -c /opt/homebrew/Cellar/cmake/3.21.4/share/cmake/Modules/CMakeCXXCompilerABI.cpp
Using built-in specs.
COLLECT_GCC=/opt/homebrew/bin/g++
Target: aarch64-apple-darwin20
Configured with: ../configure --build=aarch64-apple-darwin20 --prefix=/opt/homebrew/Cellar/gcc/10.2.0_4 --libdir=/opt/homebrew/Cellar/gcc/10.2.0_4/lib/gcc/10 --disable-nls --enable-checking=release --enable-languages=c,c++,objc,obj-c++,fortran --program-suffix=-10 --with-gmp=/opt/homebrew/opt/gmp --with-mpfr=/opt/homebrew/opt/mpfr --with-mpc=/opt/homebrew/opt/libmpc --with-isl=/opt/homebrew/opt/isl --with-system-zlib --with-pkgversion='Homebrew GCC 10.2.0_4' --with-bugurl=https://github.com/Homebrew/homebrew-core/issues --disable-multilib --with-native-system-header-dir=/usr/include --with-sysroot=/Library/Developer/CommandLineTools/SDKs/MacOSX.sdk SED=/usr/bin/sed
Thread model: posix
Supported LTO compression algorithms: zlib
gcc version 10.2.1 20201220 (Homebrew GCC 10.2.0_4) 
COLLECT_GCC_OPTIONS='-isysroot' '/Applications/Xcode.app/Contents/Developer/Platforms/MacOSX.platform/Developer/SDKs/MacOSX11.1.sdk' '-v' '-o' 'CMakeFiles/cmTC_c7ac0.dir/CMakeCXXCompilerABI.cpp.o' '-c' '-mmacosx-version-min=11.5.0' '-asm_macosx_version_min=11.5' '-mlittle-endian' '-mabi=lp64'
 /opt/homebrew/Cellar/gcc/10.2.0_4/libexec/gcc/aarch64-apple-darwin20/10.2.1/cc1plus -quiet -v -D__DYNAMIC__ -isysroot /Applications/Xcode.app/Contents/Developer/Platforms/MacOSX.platform/Developer/SDKs/MacOSX11.1.sdk /opt/homebrew/Cellar/cmake/3.21.4/share/cmake/Modules/CMakeCXXCompilerABI.cpp -fPIC -quiet -dumpbase CMakeCXXCompilerABI.cpp -mmacosx-version-min=11.5.0 -mlittle-endian -mabi=lp64 -auxbase-strip CMakeFiles/cmTC_c7ac0.dir/CMakeCXXCompilerABI.cpp.o -version -o /var/folders/n0/zj4wq39565q1mtkcpprwt6x80000gn/T//ccGooTA9.s
GNU C++14 (Homebrew GCC 10.2.0_4) version 10.2.1 20201220 (aarch64-apple-darwin20)
	compiled by GNU C version 10.2.1 20201220, GMP version 6.2.1, MPFR version 4.1.0, MPC version 1.2.1, isl version isl-0.23-GMP

GGC heuristics: --param ggc-min-expand=100 --param ggc-min-heapsize=131072
ignoring nonexistent directory "/Applications/Xcode.app/Contents/Developer/Platforms/MacOSX.platform/Developer/SDKs/MacOSX11.1.sdk/usr/local/include"
ignoring nonexistent directory "/opt/homebrew/Cellar/gcc/10.2.0_4/lib/gcc/10/gcc/aarch64-apple-darwin20/10.2.1/../../../../../../aarch64-apple-darwin20/include"
ignoring nonexistent directory "/Applications/Xcode.app/Contents/Developer/Platforms/MacOSX.platform/Developer/SDKs/MacOSX11.1.sdk/Library/Frameworks"
#include "..." search starts here:
#include <...> search starts here:
 /opt/homebrew/Cellar/gcc/10.2.0_4/lib/gcc/10/gcc/aarch64-apple-darwin20/10.2.1/../../../../../../include/c++/10.2.1
 /opt/homebrew/Cellar/gcc/10.2.0_4/lib/gcc/10/gcc/aarch64-apple-darwin20/10.2.1/../../../../../../include/c++/10.2.1/aarch64-apple-darwin20
 /opt/homebrew/Cellar/gcc/10.2.0_4/lib/gcc/10/gcc/aarch64-apple-darwin20/10.2.1/../../../../../../include/c++/10.2.1/backward
 /opt/homebrew/Cellar/gcc/10.2.0_4/lib/gcc/10/gcc/aarch64-apple-darwin20/10.2.1/include
 /opt/homebrew/Cellar/gcc/10.2.0_4/lib/gcc/10/gcc/aarch64-apple-darwin20/10.2.1/include-fixed
 /Applications/Xcode.app/Contents/Developer/Platforms/MacOSX.platform/Developer/SDKs/MacOSX11.1.sdk/usr/include
 /Applications/Xcode.app/Contents/Developer/Platforms/MacOSX.platform/Developer/SDKs/MacOSX11.1.sdk/System/Library/Frameworks
End of search list.
GNU C++14 (Homebrew GCC 10.2.0_4) version 10.2.1 20201220 (aarch64-apple-darwin20)
	compiled by GNU C version 10.2.1 20201220, GMP version 6.2.1, MPFR version 4.1.0, MPC version 1.2.1, isl version isl-0.23-GMP

GGC heuristics: --param ggc-min-expand=100 --param ggc-min-heapsize=131072
Compiler executable checksum: 02bd860a53bb4991fa14633ddb517284
COLLECT_GCC_OPTIONS='-isysroot' '/Applications/Xcode.app/Contents/Developer/Platforms/MacOSX.platform/Developer/SDKs/MacOSX11.1.sdk' '-v' '-o' 'CMakeFiles/cmTC_c7ac0.dir/CMakeCXXCompilerABI.cpp.o' '-c' '-mmacosx-version-min=11.5.0'  '-mlittle-endian' '-mabi=lp64'
 as -arch arm64 -v -mmacosx-version-min=11.5 -o CMakeFiles/cmTC_c7ac0.dir/CMakeCXXCompilerABI.cpp.o /var/folders/n0/zj4wq39565q1mtkcpprwt6x80000gn/T//ccGooTA9.s
Apple clang version 12.0.0 (clang-1200.0.32.29)
Target: aarch64-apple-darwin20.6.0
Thread model: posix
InstalledDir: /Applications/Xcode.app/Contents/Developer/Toolchains/XcodeDefault.xctoolchain/usr/bin
 "/Applications/Xcode.app/Contents/Developer/Toolchains/XcodeDefault.xctoolchain/usr/bin/clang" -cc1as -triple arm64-apple-macosx11.5.0 -filetype obj -main-file-name ccGooTA9.s -target-cpu vortex -target-feature +v8.3a -target-feature +fp-armv8 -target-feature +neon -target-feature +crc -target-feature +crypto -target-feature +fullfp16 -target-feature +ras -target-feature +lse -target-feature +rdm -target-feature +rcpc -target-feature +zcm -target-feature +zcz -target-feature +sha2 -target-feature +aes -fdebug-compilation-dir /Users/ousuke/cubeev/build/CMakeFiles/CMakeTmp -dwarf-debug-producer "Apple clang version 12.0.0 (clang-1200.0.32.29)" -dwarf-version=4 -mrelocation-model pic -o CMakeFiles/cmTC_c7ac0.dir/CMakeCXXCompilerABI.cpp.o /var/folders/n0/zj4wq39565q1mtkcpprwt6x80000gn/T//ccGooTA9.s
COMPILER_PATH=/opt/homebrew/Cellar/gcc/10.2.0_4/libexec/gcc/aarch64-apple-darwin20/10.2.1/:/opt/homebrew/Cellar/gcc/10.2.0_4/libexec/gcc/aarch64-apple-darwin20/10.2.1/:/opt/homebrew/Cellar/gcc/10.2.0_4/libexec/gcc/aarch64-apple-darwin20/:/opt/homebrew/Cellar/gcc/10.2.0_4/lib/gcc/10/gcc/aarch64-apple-darwin20/10.2.1/:/opt/homebrew/Cellar/gcc/10.2.0_4/lib/gcc/10/gcc/aarch64-apple-darwin20/
LIBRARY_PATH=/opt/homebrew/Cellar/gcc/10.2.0_4/lib/gcc/10/gcc/aarch64-apple-darwin20/10.2.1/:/opt/homebrew/Cellar/gcc/10.2.0_4/lib/gcc/10/gcc/aarch64-apple-darwin20/10.2.1/../../../
COLLECT_GCC_OPTIONS='-isysroot' '/Applications/Xcode.app/Contents/Developer/Platforms/MacOSX.platform/Developer/SDKs/MacOSX11.1.sdk' '-v' '-o' 'CMakeFiles/cmTC_c7ac0.dir/CMakeCXXCompilerABI.cpp.o' '-c' '-mmacosx-version-min=11.5.0'  '-mlittle-endian' '-mabi=lp64'
Linking CXX executable cmTC_c7ac0
/opt/homebrew/Cellar/cmake/3.21.4/bin/cmake -E cmake_link_script CMakeFiles/cmTC_c7ac0.dir/link.txt --verbose=1
/opt/homebrew/bin/g++  -arch arm64 -isysroot /Applications/Xcode.app/Contents/Developer/Platforms/MacOSX.platform/Developer/SDKs/MacOSX11.1.sdk -Wl,-search_paths_first -Wl,-headerpad_max_install_names  -v -Wl,-v CMakeFiles/cmTC_c7ac0.dir/CMakeCXXCompilerABI.cpp.o -o cmTC_c7ac0 
Using built-in specs.
COLLECT_GCC=/opt/homebrew/bin/g++
COLLECT_LTO_WRAPPER=/opt/homebrew/Cellar/gcc/10.2.0_4/libexec/gcc/aarch64-apple-darwin20/10.2.1/lto-wrapper
Target: aarch64-apple-darwin20
Configured with: ../configure --build=aarch64-apple-darwin20 --prefix=/opt/homebrew/Cellar/gcc/10.2.0_4 --libdir=/opt/homebrew/Cellar/gcc/10.2.0_4/lib/gcc/10 --disable-nls --enable-checking=release --enable-languages=c,c++,objc,obj-c++,fortran --program-suffix=-10 --with-gmp=/opt/homebrew/opt/gmp --with-mpfr=/opt/homebrew/opt/mpfr --with-mpc=/opt/homebrew/opt/libmpc --with-isl=/opt/homebrew/opt/isl --with-system-zlib --with-pkgversion='Homebrew GCC 10.2.0_4' --with-bugurl=https://github.com/Homebrew/homebrew-core/issues --disable-multilib --with-native-system-header-dir=/usr/include --with-sysroot=/Library/Developer/CommandLineTools/SDKs/MacOSX.sdk SED=/usr/bin/sed
Thread model: posix
Supported LTO compression algorithms: zlib
gcc version 10.2.1 20201220 (Homebrew GCC 10.2.0_4) 
COMPILER_PATH=/opt/homebrew/Cellar/gcc/10.2.0_4/libexec/gcc/aarch64-apple-darwin20/10.2.1/:/opt/homebrew/Cellar/gcc/10.2.0_4/libexec/gcc/aarch64-apple-darwin20/10.2.1/:/opt/homebrew/Cellar/gcc/10.2.0_4/libexec/gcc/aarch64-apple-darwin20/:/opt/homebrew/Cellar/gcc/10.2.0_4/lib/gcc/10/gcc/aarch64-apple-darwin20/10.2.1/:/opt/homebrew/Cellar/gcc/10.2.0_4/lib/gcc/10/gcc/aarch64-apple-darwin20/
LIBRARY_PATH=/opt/homebrew/Cellar/gcc/10.2.0_4/lib/gcc/10/gcc/aarch64-apple-darwin20/10.2.1/:/opt/homebrew/Cellar/gcc/10.2.0_4/lib/gcc/10/gcc/aarch64-apple-darwin20/10.2.1/../../../
COLLECT_GCC_OPTIONS='-isysroot' '/Applications/Xcode.app/Contents/Developer/Platforms/MacOSX.platform/Developer/SDKs/MacOSX11.1.sdk' '-v' '-o' 'cmTC_c7ac0' '-mmacosx-version-min=11.5.0' '-asm_macosx_version_min=11.5' '-mlittle-endian' '-mabi=lp64'
 /opt/homebrew/Cellar/gcc/10.2.0_4/libexec/gcc/aarch64-apple-darwin20/10.2.1/collect2 -dynamic -arch arm64 -macosx_version_min 11.5.0 -syslibroot /Applications/Xcode.app/Contents/Developer/Platforms/MacOSX.platform/Developer/SDKs/MacOSX11.1.sdk -weak_reference_mismatches non-weak -o cmTC_c7ac0 -L/opt/homebrew/Cellar/gcc/10.2.0_4/lib/gcc/10/gcc/aarch64-apple-darwin20/10.2.1 -L/opt/homebrew/Cellar/gcc/10.2.0_4/lib/gcc/10/gcc/aarch64-apple-darwin20/10.2.1/../../.. -search_paths_first -headerpad_max_install_names -v CMakeFiles/cmTC_c7ac0.dir/CMakeCXXCompilerABI.cpp.o -lstdc++ -lemutls_w -lgcc -lSystem -lgcc -no_compact_unwind -v
collect2 version 10.2.1 20201220
/usr/bin/ld -dynamic -arch arm64 -macosx_version_min 11.5.0 -syslibroot /Applications/Xcode.app/Contents/Developer/Platforms/MacOSX.platform/Developer/SDKs/MacOSX11.1.sdk -weak_reference_mismatches non-weak -o cmTC_c7ac0 -L/opt/homebrew/Cellar/gcc/10.2.0_4/lib/gcc/10/gcc/aarch64-apple-darwin20/10.2.1 -L/opt/homebrew/Cellar/gcc/10.2.0_4/lib/gcc/10/gcc/aarch64-apple-darwin20/10.2.1/../../.. -search_paths_first -headerpad_max_install_names -v CMakeFiles/cmTC_c7ac0.dir/CMakeCXXCompilerABI.cpp.o -lstdc++ -lemutls_w -lgcc -lSystem -lgcc -no_compact_unwind -v
@(#)PROGRAM:ld  PROJECT:ld64-609.8
BUILD 15:07:50 Dec 18 2020
configured to support archs: armv6 armv7 armv7s arm64 arm64e arm64_32 i386 x86_64 x86_64h armv6m armv7k armv7m armv7em
@(#)PROGRAM:ld  PROJECT:ld64-609.8
BUILD 15:07:50 Dec 18 2020
configured to support archs: armv6 armv7 armv7s arm64 arm64e arm64_32 i386 x86_64 x86_64h armv6m armv7k armv7m armv7em
Library search paths:
	/opt/homebrew/Cellar/gcc/10.2.0_4/lib/gcc/10/gcc/aarch64-apple-darwin20/10.2.1
	/opt/homebrew/Cellar/gcc/10.2.0_4/lib/gcc/10
	/Applications/Xcode.app/Contents/Developer/Platforms/MacOSX.platform/Developer/SDKs/MacOSX11.1.sdk/usr/lib
Framework search paths:
	/Applications/Xcode.app/Contents/Developer/Platforms/MacOSX.platform/Developer/SDKs/MacOSX11.1.sdk/System/Library/Frameworks/



Parsed CXX implicit include dir info from above output: rv=done
  found start of include info
  found start of implicit include info
    add: [/opt/homebrew/Cellar/gcc/10.2.0_4/lib/gcc/10/gcc/aarch64-apple-darwin20/10.2.1/../../../../../../include/c++/10.2.1]
    add: [/opt/homebrew/Cellar/gcc/10.2.0_4/lib/gcc/10/gcc/aarch64-apple-darwin20/10.2.1/../../../../../../include/c++/10.2.1/aarch64-apple-darwin20]
    add: [/opt/homebrew/Cellar/gcc/10.2.0_4/lib/gcc/10/gcc/aarch64-apple-darwin20/10.2.1/../../../../../../include/c++/10.2.1/backward]
    add: [/opt/homebrew/Cellar/gcc/10.2.0_4/lib/gcc/10/gcc/aarch64-apple-darwin20/10.2.1/include]
    add: [/opt/homebrew/Cellar/gcc/10.2.0_4/lib/gcc/10/gcc/aarch64-apple-darwin20/10.2.1/include-fixed]
    add: [/Applications/Xcode.app/Contents/Developer/Platforms/MacOSX.platform/Developer/SDKs/MacOSX11.1.sdk/usr/include]
    add: [/Applications/Xcode.app/Contents/Developer/Platforms/MacOSX.platform/Developer/SDKs/MacOSX11.1.sdk/System/Library/Frameworks]
  end of search list found
  collapse include dir [/opt/homebrew/Cellar/gcc/10.2.0_4/lib/gcc/10/gcc/aarch64-apple-darwin20/10.2.1/../../../../../../include/c++/10.2.1] ==> [/opt/homebrew/Cellar/gcc/10.2.0_4/include/c++/10.2.1]
  collapse include dir [/opt/homebrew/Cellar/gcc/10.2.0_4/lib/gcc/10/gcc/aarch64-apple-darwin20/10.2.1/../../../../../../include/c++/10.2.1/aarch64-apple-darwin20] ==> [/opt/homebrew/Cellar/gcc/10.2.0_4/include/c++/10.2.1/aarch64-apple-darwin20]
  collapse include dir [/opt/homebrew/Cellar/gcc/10.2.0_4/lib/gcc/10/gcc/aarch64-apple-darwin20/10.2.1/../../../../../../include/c++/10.2.1/backward] ==> [/opt/homebrew/Cellar/gcc/10.2.0_4/include/c++/10.2.1/backward]
  collapse include dir [/opt/homebrew/Cellar/gcc/10.2.0_4/lib/gcc/10/gcc/aarch64-apple-darwin20/10.2.1/include] ==> [/opt/homebrew/Cellar/gcc/10.2.0_4/lib/gcc/10/gcc/aarch64-apple-darwin20/10.2.1/include]
  collapse include dir [/opt/homebrew/Cellar/gcc/10.2.0_4/lib/gcc/10/gcc/aarch64-apple-darwin20/10.2.1/include-fixed] ==> [/opt/homebrew/Cellar/gcc/10.2.0_4/lib/gcc/10/gcc/aarch64-apple-darwin20/10.2.1/include-fixed]
  collapse include dir [/Applications/Xcode.app/Contents/Developer/Platforms/MacOSX.platform/Developer/SDKs/MacOSX11.1.sdk/usr/include] ==> [/Applications/Xcode.app/Contents/Developer/Platforms/MacOSX.platform/Developer/SDKs/MacOSX11.1.sdk/usr/include]
  collapse include dir [/Applications/Xcode.app/Contents/Developer/Platforms/MacOSX.platform/Developer/SDKs/MacOSX11.1.sdk/System/Library/Frameworks] ==> [/Applications/Xcode.app/Contents/Developer/Platforms/MacOSX.platform/Developer/SDKs/MacOSX11.1.sdk/System/Library/Frameworks]
  implicit include dirs: [/opt/homebrew/Cellar/gcc/10.2.0_4/include/c++/10.2.1;/opt/homebrew/Cellar/gcc/10.2.0_4/include/c++/10.2.1/aarch64-apple-darwin20;/opt/homebrew/Cellar/gcc/10.2.0_4/include/c++/10.2.1/backward;/opt/homebrew/Cellar/gcc/10.2.0_4/lib/gcc/10/gcc/aarch64-apple-darwin20/10.2.1/include;/opt/homebrew/Cellar/gcc/10.2.0_4/lib/gcc/10/gcc/aarch64-apple-darwin20/10.2.1/include-fixed;/Applications/Xcode.app/Contents/Developer/Platforms/MacOSX.platform/Developer/SDKs/MacOSX11.1.sdk/usr/include;/Applications/Xcode.app/Contents/Developer/Platforms/MacOSX.platform/Developer/SDKs/MacOSX11.1.sdk/System/Library/Frameworks]


Parsed CXX implicit link information from above output:
  link line regex: [^( *|.*[/\])(ld|CMAKE_LINK_STARTFILE-NOTFOUND|([^/\]+-)?ld|collect2)[^/\]*( |$)]
  ignore line: [Change Dir: /Users/ousuke/cubeev/build/CMakeFiles/CMakeTmp]
  ignore line: []
  ignore line: [Run Build Command(s):/usr/bin/make -f Makefile cmTC_c7ac0/fast && /Applications/Xcode.app/Contents/Developer/usr/bin/make  -f CMakeFiles/cmTC_c7ac0.dir/build.make CMakeFiles/cmTC_c7ac0.dir/build]
  ignore line: [Building CXX object CMakeFiles/cmTC_c7ac0.dir/CMakeCXXCompilerABI.cpp.o]
  ignore line: [/opt/homebrew/bin/g++   -arch arm64 -isysroot /Applications/Xcode.app/Contents/Developer/Platforms/MacOSX.platform/Developer/SDKs/MacOSX11.1.sdk   -v -Wl -v -o CMakeFiles/cmTC_c7ac0.dir/CMakeCXXCompilerABI.cpp.o -c /opt/homebrew/Cellar/cmake/3.21.4/share/cmake/Modules/CMakeCXXCompilerABI.cpp]
  ignore line: [Using built-in specs.]
  ignore line: [COLLECT_GCC=/opt/homebrew/bin/g++]
  ignore line: [Target: aarch64-apple-darwin20]
  ignore line: [Configured with: ../configure --build=aarch64-apple-darwin20 --prefix=/opt/homebrew/Cellar/gcc/10.2.0_4 --libdir=/opt/homebrew/Cellar/gcc/10.2.0_4/lib/gcc/10 --disable-nls --enable-checking=release --enable-languages=c c++ objc obj-c++ fortran --program-suffix=-10 --with-gmp=/opt/homebrew/opt/gmp --with-mpfr=/opt/homebrew/opt/mpfr --with-mpc=/opt/homebrew/opt/libmpc --with-isl=/opt/homebrew/opt/isl --with-system-zlib --with-pkgversion='Homebrew GCC 10.2.0_4' --with-bugurl=https://github.com/Homebrew/homebrew-core/issues --disable-multilib --with-native-system-header-dir=/usr/include --with-sysroot=/Library/Developer/CommandLineTools/SDKs/MacOSX.sdk SED=/usr/bin/sed]
  ignore line: [Thread model: posix]
  ignore line: [Supported LTO compression algorithms: zlib]
  ignore line: [gcc version 10.2.1 20201220 (Homebrew GCC 10.2.0_4) ]
  ignore line: [COLLECT_GCC_OPTIONS='-isysroot' '/Applications/Xcode.app/Contents/Developer/Platforms/MacOSX.platform/Developer/SDKs/MacOSX11.1.sdk' '-v' '-o' 'CMakeFiles/cmTC_c7ac0.dir/CMakeCXXCompilerABI.cpp.o' '-c' '-mmacosx-version-min=11.5.0' '-asm_macosx_version_min=11.5' '-mlittle-endian' '-mabi=lp64']
  ignore line: [ /opt/homebrew/Cellar/gcc/10.2.0_4/libexec/gcc/aarch64-apple-darwin20/10.2.1/cc1plus -quiet -v -D__DYNAMIC__ -isysroot /Applications/Xcode.app/Contents/Developer/Platforms/MacOSX.platform/Developer/SDKs/MacOSX11.1.sdk /opt/homebrew/Cellar/cmake/3.21.4/share/cmake/Modules/CMakeCXXCompilerABI.cpp -fPIC -quiet -dumpbase CMakeCXXCompilerABI.cpp -mmacosx-version-min=11.5.0 -mlittle-endian -mabi=lp64 -auxbase-strip CMakeFiles/cmTC_c7ac0.dir/CMakeCXXCompilerABI.cpp.o -version -o /var/folders/n0/zj4wq39565q1mtkcpprwt6x80000gn/T//ccGooTA9.s]
  ignore line: [GNU C++14 (Homebrew GCC 10.2.0_4) version 10.2.1 20201220 (aarch64-apple-darwin20)]
  ignore line: [	compiled by GNU C version 10.2.1 20201220  GMP version 6.2.1  MPFR version 4.1.0  MPC version 1.2.1  isl version isl-0.23-GMP]
  ignore line: []
  ignore line: [GGC heuristics: --param ggc-min-expand=100 --param ggc-min-heapsize=131072]
  ignore line: [ignoring nonexistent directory "/Applications/Xcode.app/Contents/Developer/Platforms/MacOSX.platform/Developer/SDKs/MacOSX11.1.sdk/usr/local/include"]
  ignore line: [ignoring nonexistent directory "/opt/homebrew/Cellar/gcc/10.2.0_4/lib/gcc/10/gcc/aarch64-apple-darwin20/10.2.1/../../../../../../aarch64-apple-darwin20/include"]
  ignore line: [ignoring nonexistent directory "/Applications/Xcode.app/Contents/Developer/Platforms/MacOSX.platform/Developer/SDKs/MacOSX11.1.sdk/Library/Frameworks"]
  ignore line: [#include "..." search starts here:]
  ignore line: [#include <...> search starts here:]
  ignore line: [ /opt/homebrew/Cellar/gcc/10.2.0_4/lib/gcc/10/gcc/aarch64-apple-darwin20/10.2.1/../../../../../../include/c++/10.2.1]
  ignore line: [ /opt/homebrew/Cellar/gcc/10.2.0_4/lib/gcc/10/gcc/aarch64-apple-darwin20/10.2.1/../../../../../../include/c++/10.2.1/aarch64-apple-darwin20]
  ignore line: [ /opt/homebrew/Cellar/gcc/10.2.0_4/lib/gcc/10/gcc/aarch64-apple-darwin20/10.2.1/../../../../../../include/c++/10.2.1/backward]
  ignore line: [ /opt/homebrew/Cellar/gcc/10.2.0_4/lib/gcc/10/gcc/aarch64-apple-darwin20/10.2.1/include]
  ignore line: [ /opt/homebrew/Cellar/gcc/10.2.0_4/lib/gcc/10/gcc/aarch64-apple-darwin20/10.2.1/include-fixed]
  ignore line: [ /Applications/Xcode.app/Contents/Developer/Platforms/MacOSX.platform/Developer/SDKs/MacOSX11.1.sdk/usr/include]
  ignore line: [ /Applications/Xcode.app/Contents/Developer/Platforms/MacOSX.platform/Developer/SDKs/MacOSX11.1.sdk/System/Library/Frameworks]
  ignore line: [End of search list.]
  ignore line: [GNU C++14 (Homebrew GCC 10.2.0_4) version 10.2.1 20201220 (aarch64-apple-darwin20)]
  ignore line: [	compiled by GNU C version 10.2.1 20201220  GMP version 6.2.1  MPFR version 4.1.0  MPC version 1.2.1  isl version isl-0.23-GMP]
  ignore line: []
  ignore line: [GGC heuristics: --param ggc-min-expand=100 --param ggc-min-heapsize=131072]
  ignore line: [Compiler executable checksum: 02bd860a53bb4991fa14633ddb517284]
  ignore line: [COLLECT_GCC_OPTIONS='-isysroot' '/Applications/Xcode.app/Contents/Developer/Platforms/MacOSX.platform/Developer/SDKs/MacOSX11.1.sdk' '-v' '-o' 'CMakeFiles/cmTC_c7ac0.dir/CMakeCXXCompilerABI.cpp.o' '-c' '-mmacosx-version-min=11.5.0'  '-mlittle-endian' '-mabi=lp64']
  ignore line: [ as -arch arm64 -v -mmacosx-version-min=11.5 -o CMakeFiles/cmTC_c7ac0.dir/CMakeCXXCompilerABI.cpp.o /var/folders/n0/zj4wq39565q1mtkcpprwt6x80000gn/T//ccGooTA9.s]
  ignore line: [Apple clang version 12.0.0 (clang-1200.0.32.29)]
  ignore line: [Target: aarch64-apple-darwin20.6.0]
  ignore line: [Thread model: posix]
  ignore line: [InstalledDir: /Applications/Xcode.app/Contents/Developer/Toolchains/XcodeDefault.xctoolchain/usr/bin]
  ignore line: [ "/Applications/Xcode.app/Contents/Developer/Toolchains/XcodeDefault.xctoolchain/usr/bin/clang" -cc1as -triple arm64-apple-macosx11.5.0 -filetype obj -main-file-name ccGooTA9.s -target-cpu vortex -target-feature +v8.3a -target-feature +fp-armv8 -target-feature +neon -target-feature +crc -target-feature +crypto -target-feature +fullfp16 -target-feature +ras -target-feature +lse -target-feature +rdm -target-feature +rcpc -target-feature +zcm -target-feature +zcz -target-feature +sha2 -target-feature +aes -fdebug-compilation-dir /Users/ousuke/cubeev/build/CMakeFiles/CMakeTmp -dwarf-debug-producer "Apple clang version 12.0.0 (clang-1200.0.32.29)" -dwarf-version=4 -mrelocation-model pic -o CMakeFiles/cmTC_c7ac0.dir/CMakeCXXCompilerABI.cpp.o /var/folders/n0/zj4wq39565q1mtkcpprwt6x80000gn/T//ccGooTA9.s]
  ignore line: [COMPILER_PATH=/opt/homebrew/Cellar/gcc/10.2.0_4/libexec/gcc/aarch64-apple-darwin20/10.2.1/:/opt/homebrew/Cellar/gcc/10.2.0_4/libexec/gcc/aarch64-apple-darwin20/10.2.1/:/opt/homebrew/Cellar/gcc/10.2.0_4/libexec/gcc/aarch64-apple-darwin20/:/opt/homebrew/Cellar/gcc/10.2.0_4/lib/gcc/10/gcc/aarch64-apple-darwin20/10.2.1/:/opt/homebrew/Cellar/gcc/10.2.0_4/lib/gcc/10/gcc/aarch64-apple-darwin20/]
  ignore line: [LIBRARY_PATH=/opt/homebrew/Cellar/gcc/10.2.0_4/lib/gcc/10/gcc/aarch64-apple-darwin20/10.2.1/:/opt/homebrew/Cellar/gcc/10.2.0_4/lib/gcc/10/gcc/aarch64-apple-darwin20/10.2.1/../../../]
  ignore line: [COLLECT_GCC_OPTIONS='-isysroot' '/Applications/Xcode.app/Contents/Developer/Platforms/MacOSX.platform/Developer/SDKs/MacOSX11.1.sdk' '-v' '-o' 'CMakeFiles/cmTC_c7ac0.dir/CMakeCXXCompilerABI.cpp.o' '-c' '-mmacosx-version-min=11.5.0'  '-mlittle-endian' '-mabi=lp64']
  ignore line: [Linking CXX executable cmTC_c7ac0]
  ignore line: [/opt/homebrew/Cellar/cmake/3.21.4/bin/cmake -E cmake_link_script CMakeFiles/cmTC_c7ac0.dir/link.txt --verbose=1]
  ignore line: [/opt/homebrew/bin/g++  -arch arm64 -isysroot /Applications/Xcode.app/Contents/Developer/Platforms/MacOSX.platform/Developer/SDKs/MacOSX11.1.sdk -Wl -search_paths_first -Wl -headerpad_max_install_names  -v -Wl -v CMakeFiles/cmTC_c7ac0.dir/CMakeCXXCompilerABI.cpp.o -o cmTC_c7ac0 ]
  ignore line: [Using built-in specs.]
  ignore line: [COLLECT_GCC=/opt/homebrew/bin/g++]
  ignore line: [COLLECT_LTO_WRAPPER=/opt/homebrew/Cellar/gcc/10.2.0_4/libexec/gcc/aarch64-apple-darwin20/10.2.1/lto-wrapper]
  ignore line: [Target: aarch64-apple-darwin20]
  ignore line: [Configured with: ../configure --build=aarch64-apple-darwin20 --prefix=/opt/homebrew/Cellar/gcc/10.2.0_4 --libdir=/opt/homebrew/Cellar/gcc/10.2.0_4/lib/gcc/10 --disable-nls --enable-checking=release --enable-languages=c c++ objc obj-c++ fortran --program-suffix=-10 --with-gmp=/opt/homebrew/opt/gmp --with-mpfr=/opt/homebrew/opt/mpfr --with-mpc=/opt/homebrew/opt/libmpc --with-isl=/opt/homebrew/opt/isl --with-system-zlib --with-pkgversion='Homebrew GCC 10.2.0_4' --with-bugurl=https://github.com/Homebrew/homebrew-core/issues --disable-multilib --with-native-system-header-dir=/usr/include --with-sysroot=/Library/Developer/CommandLineTools/SDKs/MacOSX.sdk SED=/usr/bin/sed]
  ignore line: [Thread model: posix]
  ignore line: [Supported LTO compression algorithms: zlib]
  ignore line: [gcc version 10.2.1 20201220 (Homebrew GCC 10.2.0_4) ]
  ignore line: [COMPILER_PATH=/opt/homebrew/Cellar/gcc/10.2.0_4/libexec/gcc/aarch64-apple-darwin20/10.2.1/:/opt/homebrew/Cellar/gcc/10.2.0_4/libexec/gcc/aarch64-apple-darwin20/10.2.1/:/opt/homebrew/Cellar/gcc/10.2.0_4/libexec/gcc/aarch64-apple-darwin20/:/opt/homebrew/Cellar/gcc/10.2.0_4/lib/gcc/10/gcc/aarch64-apple-darwin20/10.2.1/:/opt/homebrew/Cellar/gcc/10.2.0_4/lib/gcc/10/gcc/aarch64-apple-darwin20/]
  ignore line: [LIBRARY_PATH=/opt/homebrew/Cellar/gcc/10.2.0_4/lib/gcc/10/gcc/aarch64-apple-darwin20/10.2.1/:/opt/homebrew/Cellar/gcc/10.2.0_4/lib/gcc/10/gcc/aarch64-apple-darwin20/10.2.1/../../../]
  ignore line: [COLLECT_GCC_OPTIONS='-isysroot' '/Applications/Xcode.app/Contents/Developer/Platforms/MacOSX.platform/Developer/SDKs/MacOSX11.1.sdk' '-v' '-o' 'cmTC_c7ac0' '-mmacosx-version-min=11.5.0' '-asm_macosx_version_min=11.5' '-mlittle-endian' '-mabi=lp64']
  link line: [ /opt/homebrew/Cellar/gcc/10.2.0_4/libexec/gcc/aarch64-apple-darwin20/10.2.1/collect2 -dynamic -arch arm64 -macosx_version_min 11.5.0 -syslibroot /Applications/Xcode.app/Contents/Developer/Platforms/MacOSX.platform/Developer/SDKs/MacOSX11.1.sdk -weak_reference_mismatches non-weak -o cmTC_c7ac0 -L/opt/homebrew/Cellar/gcc/10.2.0_4/lib/gcc/10/gcc/aarch64-apple-darwin20/10.2.1 -L/opt/homebrew/Cellar/gcc/10.2.0_4/lib/gcc/10/gcc/aarch64-apple-darwin20/10.2.1/../../.. -search_paths_first -headerpad_max_install_names -v CMakeFiles/cmTC_c7ac0.dir/CMakeCXXCompilerABI.cpp.o -lstdc++ -lemutls_w -lgcc -lSystem -lgcc -no_compact_unwind -v]
    arg [/opt/homebrew/Cellar/gcc/10.2.0_4/libexec/gcc/aarch64-apple-darwin20/10.2.1/collect2] ==> ignore
    arg [-dynamic] ==> ignore
    arg [-arch] ==> ignore
    arg [arm64] ==> ignore
    arg [-macosx_version_min] ==> ignore
    arg [11.5.0] ==> ignore
    arg [-syslibroot] ==> ignore
    arg [/Applications/Xcode.app/Contents/Developer/Platforms/MacOSX.platform/Developer/SDKs/MacOSX11.1.sdk] ==> ignore
    arg [-weak_reference_mismatches] ==> ignore
    arg [non-weak] ==> ignore
    arg [-o] ==> ignore
    arg [cmTC_c7ac0] ==> ignore
    arg [-L/opt/homebrew/Cellar/gcc/10.2.0_4/lib/gcc/10/gcc/aarch64-apple-darwin20/10.2.1] ==> dir [/opt/homebrew/Cellar/gcc/10.2.0_4/lib/gcc/10/gcc/aarch64-apple-darwin20/10.2.1]
    arg [-L/opt/homebrew/Cellar/gcc/10.2.0_4/lib/gcc/10/gcc/aarch64-apple-darwin20/10.2.1/../../..] ==> dir [/opt/homebrew/Cellar/gcc/10.2.0_4/lib/gcc/10/gcc/aarch64-apple-darwin20/10.2.1/../../..]
    arg [-search_paths_first] ==> ignore
    arg [-headerpad_max_install_names] ==> ignore
    arg [-v] ==> ignore
    arg [CMakeFiles/cmTC_c7ac0.dir/CMakeCXXCompilerABI.cpp.o] ==> ignore
    arg [-lstdc++] ==> lib [stdc++]
    arg [-lemutls_w] ==> lib [emutls_w]
    arg [-lgcc] ==> lib [gcc]
    arg [-lSystem] ==> lib [System]
    arg [-lgcc] ==> lib [gcc]
    arg [-no_compact_unwind] ==> ignore
    arg [-v] ==> ignore
  Library search paths: [;/opt/homebrew/Cellar/gcc/10.2.0_4/lib/gcc/10/gcc/aarch64-apple-darwin20/10.2.1;/opt/homebrew/Cellar/gcc/10.2.0_4/lib/gcc/10;/Applications/Xcode.app/Contents/Developer/Platforms/MacOSX.platform/Developer/SDKs/MacOSX11.1.sdk/usr/lib]
  Framework search paths: [;/Applications/Xcode.app/Contents/Developer/Platforms/MacOSX.platform/Developer/SDKs/MacOSX11.1.sdk/System/Library/Frameworks/]
  remove lib [System]
  collapse library dir [/opt/homebrew/Cellar/gcc/10.2.0_4/lib/gcc/10/gcc/aarch64-apple-darwin20/10.2.1] ==> [/opt/homebrew/Cellar/gcc/10.2.0_4/lib/gcc/10/gcc/aarch64-apple-darwin20/10.2.1]
  collapse library dir [/opt/homebrew/Cellar/gcc/10.2.0_4/lib/gcc/10/gcc/aarch64-apple-darwin20/10.2.1/../../..] ==> [/opt/homebrew/Cellar/gcc/10.2.0_4/lib/gcc/10]
  collapse library dir [/opt/homebrew/Cellar/gcc/10.2.0_4/lib/gcc/10/gcc/aarch64-apple-darwin20/10.2.1] ==> [/opt/homebrew/Cellar/gcc/10.2.0_4/lib/gcc/10/gcc/aarch64-apple-darwin20/10.2.1]
  collapse library dir [/opt/homebrew/Cellar/gcc/10.2.0_4/lib/gcc/10] ==> [/opt/homebrew/Cellar/gcc/10.2.0_4/lib/gcc/10]
  collapse library dir [/Applications/Xcode.app/Contents/Developer/Platforms/MacOSX.platform/Developer/SDKs/MacOSX11.1.sdk/usr/lib] ==> [/Applications/Xcode.app/Contents/Developer/Platforms/MacOSX.platform/Developer/SDKs/MacOSX11.1.sdk/usr/lib]
  collapse framework dir [/Applications/Xcode.app/Contents/Developer/Platforms/MacOSX.platform/Developer/SDKs/MacOSX11.1.sdk/System/Library/Frameworks/] ==> [/Applications/Xcode.app/Contents/Developer/Platforms/MacOSX.platform/Developer/SDKs/MacOSX11.1.sdk/System/Library/Frameworks]
  implicit libs: [stdc++;emutls_w;gcc;gcc]
  implicit objs: []
  implicit dirs: [/opt/homebrew/Cellar/gcc/10.2.0_4/lib/gcc/10/gcc/aarch64-apple-darwin20/10.2.1;/opt/homebrew/Cellar/gcc/10.2.0_4/lib/gcc/10;/Applications/Xcode.app/Contents/Developer/Platforms/MacOSX.platform/Developer/SDKs/MacOSX11.1.sdk/usr/lib]
  implicit fwks: [/Applications/Xcode.app/Contents/Developer/Platforms/MacOSX.platform/Developer/SDKs/MacOSX11.1.sdk/System/Library/Frameworks]


